<?xml version="1.0" encoding="UTF-8"?>
<!-- Generated by org.testng.reporters.JUnitReportReporter -->
<testsuite skipped="0" hostname="DESKTOP-P69S7HG" name="org.group.ClassA" tests="2" failures="0" timestamp="26 Jul 2022 14:33:49 GMT" time="0.009" errors="0">
  <testcase name="test1" time="0.008" classname="org.group.ClassA"/>
  <testcase name="test2" time="0.001" classname="org.group.ClassA"/>
</testsuite> <!-- org.group.ClassA -->
