<?xml version="1.0" encoding="UTF-8"?>
<!-- Generated by org.testng.reporters.JUnitReportReporter -->
<testsuite skipped="0" hostname="DESKTOP-P69S7HG" name="org.testng.ClassB" tests="6" failures="0" timestamp="26 Jul 2022 05:11:04 GMT" time="0.010" errors="0">
  <testcase name="test3" time="0.001" classname="org.testng.ClassB"/>
  <testcase name="test2" time="0.001" classname="org.testng.ClassB"/>
  <testcase name="testB" time="0.002" classname="org.testng.ClassB"/>
  <testcase name="testA" time="0.002" classname="org.testng.ClassB"/>
  <testcase name="test1" time="0.003" classname="org.testng.ClassB"/>
  <testcase name="testC" time="0.001" classname="org.testng.ClassB"/>
</testsuite> <!-- org.testng.ClassB -->
