<?xml version="1.0" encoding="UTF-8"?>
<!-- Generated by org.testng.reporters.JUnitReportReporter -->
<testsuite skipped="0" hostname="DESKTOP-P69S7HG" name="org.testng.ClassA" tests="1" failures="0" timestamp="26 Jul 2022 05:11:04 GMT" time="0.008" errors="0">
  <testcase name="test5" time="0.008" classname="org.testng.ClassA"/>
</testsuite> <!-- org.testng.ClassA -->
