<?xml version="1.0" encoding="UTF-8"?>
<!-- Generated by org.testng.reporters.JUnitReportReporter -->
<testsuite skipped="1" hostname="DESKTOP-P69S7HG" name="org.group.DependMethods" tests="3" failures="0" timestamp="26 Jul 2022 15:42:25 GMT" time="0.016" errors="0">
  <testcase name="APIStudentLogin" time="0.002" classname="org.group.DependMethods"/>
  <testcase name="WebStudentLogin" time="0.014" classname="org.group.DependMethods"/>
  <testcase name="MobileStudentLogin" classname="org.group.DependMethods">
    <skipped/>
  </testcase> <!-- MobileStudentLogin -->
</testsuite> <!-- org.group.DependMethods -->
