<?xml version="1.0" encoding="UTF-8"?>
<!-- Generated by org.testng.reporters.JUnitReportReporter -->
<testsuite skipped="0" hostname="DESKTOP-P69S7HG" name="org.testng.ClassC" tests="21" failures="0" timestamp="26 Jul 2022 05:10:49 GMT" time="0.042" errors="0">
  <testcase name="test1" time="0.012" classname="org.testng.ClassC"/>
  <testcase name="test2" time="0.001" classname="org.testng.ClassC"/>
  <testcase name="test3" time="0.002" classname="org.testng.ClassC"/>
  <testcase name="test4" time="0.001" classname="org.testng.ClassC"/>
  <testcase name="test5" time="0.002" classname="org.testng.ClassC"/>
  <testcase name="test6" time="0.001" classname="org.testng.ClassC"/>
  <testcase name="test7" time="0.002" classname="org.testng.ClassC"/>
  <testcase name="test7" time="0.001" classname="org.testng.ClassC"/>
  <testcase name="test7" time="0.001" classname="org.testng.ClassC"/>
  <testcase name="test7" time="0.001" classname="org.testng.ClassC"/>
  <testcase name="test7" time="0.001" classname="org.testng.ClassC"/>
  <testcase name="test7" time="0.001" classname="org.testng.ClassC"/>
  <testcase name="test7" time="0.001" classname="org.testng.ClassC"/>
  <testcase name="test7" time="0.004" classname="org.testng.ClassC"/>
  <testcase name="test7" time="0.002" classname="org.testng.ClassC"/>
  <testcase name="test7" time="0.001" classname="org.testng.ClassC"/>
  <testcase name="test7" time="0.002" classname="org.testng.ClassC"/>
  <testcase name="test7" time="0.002" classname="org.testng.ClassC"/>
  <testcase name="test7" time="0.001" classname="org.testng.ClassC"/>
  <testcase name="test7" time="0.001" classname="org.testng.ClassC"/>
  <testcase name="test7" time="0.002" classname="org.testng.ClassC"/>
</testsuite> <!-- org.testng.ClassC -->
