<?xml version="1.0" encoding="UTF-8"?>
<!-- Generated by org.testng.reporters.JUnitReportReporter -->
<testsuite skipped="0" hostname="DESKTOP-P69S7HG" name="org.testng.Parallel" tests="3" failures="0" timestamp="26 Jul 2022 05:32:33 GMT" time="29.570" errors="0">
  <testcase name="test1" time="14.543" classname="org.testng.Parallel"/>
  <testcase name="test3" time="6.541" classname="org.testng.Parallel"/>
  <testcase name="test2" time="8.486" classname="org.testng.Parallel"/>
</testsuite> <!-- org.testng.Parallel -->
